<?xml version="1.0" encoding="UTF-8"?>
<!-- Generated by org.testng.reporters.JUnitXMLReporter -->
<testsuite ignored="6" hostname="DESKTOP-VQU9CTD" failures="0" tests="1" name="Booker" time="5.267" errors="0" timestamp="2023-08-02T19:16:41 EEST">
  <testcase classname="testcase.TC01_ChecAuthentication" name="checkAuthWithValidData" time="4.108"/>
  <testcase classname="testcase.TC01_ChecAuthentication" name="checkAuthWithInvalidMethod" time="0.0">
    <ignored/>
  </testcase> <!-- checkAuthWithInvalidMethod -->
  <testcase classname="testcase.TC01_ChecAuthentication" name="checkAuthWithInvalidQueryParametr" time="0.0">
    <ignored/>
  </testcase> <!-- checkAuthWithInvalidQueryParametr -->
  <testcase classname="testcase.TC01_ChecAuthentication" name="checkAuthRequestWithInvalidAuth" time="0.0">
    <ignored/>
  </testcase> <!-- checkAuthRequestWithInvalidAuth -->
  <testcase classname="testcase.TC01_ChecAuthentication" name="checkTokenNotNull" time="0.0">
    <ignored/>
  </testcase> <!-- checkTokenNotNull -->
  <testcase classname="testcase.TC01_ChecAuthentication" name="checkAuthRequestWithInvalidHeader" time="0.0">
    <ignored/>
  </testcase> <!-- checkAuthRequestWithInvalidHeader -->
  <testcase classname="testcase.TC01_ChecAuthentication" name="checkAuthWithInvalidPath" time="0.0">
    <ignored/>
  </testcase> <!-- checkAuthWithInvalidPath -->
</testsuite> <!-- Booker -->
